2025-05-23 03:53:52,771 | kiwoom.py | 19 | DEBUG -> Kiwoom() class start.
2025-05-23 03:56:04,077 | kiwoom.py | 19 | DEBUG -> Kiwoom() class start.
2025-05-23 03:56:08,096 | kiwoom.py | 106 | DEBUG -> 정상처리
2025-05-23 03:56:08,096 | kiwoom.py | 117 | DEBUG -> 계좌번호 : 8103640311
2025-05-23 03:56:08,111 | kiwoom.py | 769 | DEBUG -> 스크린: 2000, 요청이름: 예수금상세현황요청, tr코드: opw00001 --- [100000] 모의투자 조회완료
2025-05-23 03:56:08,112 | kiwoom.py | 151 | DEBUG -> 예수금상세현황요청
2025-05-23 03:56:08,112 | kiwoom.py | 152 | DEBUG -> sTrCode : opw00001
2025-05-23 03:56:08,114 | kiwoom.py | 163 | DEBUG -> 예수금 : 499916240
2025-05-23 03:56:08,115 | kiwoom.py | 129 | DEBUG -> 계좌평가 잔고 내역 요청
2025-05-23 03:56:08,172 | kiwoom.py | 769 | DEBUG -> 스크린: 2000, 요청이름: 계좌평가잔고내역요청, tr코드: opw00018 --- [100000] 모의투자 조회완료
2025-05-23 03:56:08,174 | kiwoom.py | 169 | DEBUG -> 계좌평가잔고내역요청
2025-05-23 03:56:08,174 | kiwoom.py | 170 | DEBUG -> sTrCode : opw00018
2025-05-23 03:56:08,175 | kiwoom.py | 180 | DEBUG -> 계좌평가잔고내역요청 싱글데이터 : 000000000233200 - -00000000004247 - -00000001.82
2025-05-23 03:56:08,177 | kiwoom.py | 196 | DEBUG -> 종목번호: 005930 - 종목명: 삼성전자                                 - 보유수량: 000000000000002 - 매입가: 000000000054550 - 수익률: -00000000.57 - 현재가: 000000054700
2025-05-23 03:56:08,178 | kiwoom.py | 196 | DEBUG -> 종목번호: 034020 - 종목명: 두산에너빌리티                           - 보유수량: 000000000000002 - 매입가: 000000000038850 - 수익률: -00000002.37 - 현재가: 000000038250
2025-05-23 03:56:08,178 | kiwoom.py | 196 | DEBUG -> 종목번호: 377480 - 종목명: 마음AI                                   - 보유수량: 000000000000002 - 매입가: 000000000023200 - 수익률: -00000003.83 - 현재가: 000000022500
2025-05-23 03:56:08,179 | kiwoom.py | 219 | DEBUG -> sPreNext : 
2025-05-23 03:56:08,179 | kiwoom.py | 220 | DEBUG -> 계좌에 가지고 있는 종목은 3 
2025-05-23 03:56:13,195 | kiwoom.py | 139 | DEBUG -> 미체결 종목 요청
2025-05-23 03:56:13,226 | kiwoom.py | 769 | DEBUG -> 스크린: , 요청이름: , tr코드:  ---  조회가 완료되었습니다.
2025-05-23 03:56:13,230 | kiwoom.py | 228 | DEBUG -> 실시간미체결요청
2025-05-23 03:56:13,231 | kiwoom.py | 269 | DEBUG -> 미체결 종목 : {'종목코드': '005930', '종목명': '삼성전자', '주문번호': 122078, '주문상태': '접수', '주문수량': 2, '주문가격': 60000, '주문구분': '매도', '미체결수량': 2, '체결량': 0} 
2025-05-23 03:56:13,232 | kiwoom.py | 269 | DEBUG -> 미체결 종목 : {'종목코드': '225570', '종목명': '넥슨게임즈', '주문번호': 121896, '주문상태': '접수', '주문수량': 5, '주문가격': 10000, '주문구분': '매수', '미체결수량': 5, '체결량': 0} 
2025-05-23 03:56:18,198 | kiwoom.py | 496 | DEBUG -> {'005930': {'스크린번호': '5001', '주문용스크린번호': '6001'}, '034020': {'스크린번호': '5001', '주문용스크린번호': '6001'}, '377480': {'스크린번호': '5001', '주문용스크린번호': '6001'}, '225570': {'스크린번호': '5001', '주문용스크린번호': '6001'}}
2025-05-23 03:58:13,159 | kiwoom.py | 19 | DEBUG -> Kiwoom() class start.
2025-05-23 03:58:17,512 | kiwoom.py | 106 | DEBUG -> 정상처리
2025-05-23 03:58:17,513 | kiwoom.py | 117 | DEBUG -> 계좌번호 : 8103640311
2025-05-23 03:58:17,524 | kiwoom.py | 771 | DEBUG -> 스크린: 2000, 요청이름: 예수금상세현황요청, tr코드: opw00001 --- [100000] 모의투자 조회완료
2025-05-23 03:58:17,526 | kiwoom.py | 151 | DEBUG -> 예수금상세현황요청
2025-05-23 03:58:17,526 | kiwoom.py | 152 | DEBUG -> sTrCode : opw00001
2025-05-23 03:58:17,526 | kiwoom.py | 163 | DEBUG -> 예수금 : 499916240
2025-05-23 03:58:17,527 | kiwoom.py | 129 | DEBUG -> 계좌평가 잔고 내역 요청
2025-05-23 03:58:17,585 | kiwoom.py | 771 | DEBUG -> 스크린: 2000, 요청이름: 계좌평가잔고내역요청, tr코드: opw00018 --- [100000] 모의투자 조회완료
2025-05-23 03:58:17,587 | kiwoom.py | 169 | DEBUG -> 계좌평가잔고내역요청
2025-05-23 03:58:17,587 | kiwoom.py | 170 | DEBUG -> sTrCode : opw00018
2025-05-23 03:58:17,587 | kiwoom.py | 180 | DEBUG -> 계좌평가잔고내역요청 싱글데이터 : 000000000233200 - -00000000004247 - -00000001.82
2025-05-23 03:58:17,588 | kiwoom.py | 196 | DEBUG -> 종목번호: 005930 - 종목명: 삼성전자                                 - 보유수량: 000000000000002 - 매입가: 000000000054550 - 수익률: -00000000.57 - 현재가: 000000054700
2025-05-23 03:58:17,588 | kiwoom.py | 196 | DEBUG -> 종목번호: 034020 - 종목명: 두산에너빌리티                           - 보유수량: 000000000000002 - 매입가: 000000000038850 - 수익률: -00000002.37 - 현재가: 000000038250
2025-05-23 03:58:17,588 | kiwoom.py | 196 | DEBUG -> 종목번호: 377480 - 종목명: 마음AI                                   - 보유수량: 000000000000002 - 매입가: 000000000023200 - 수익률: -00000003.83 - 현재가: 000000022500
2025-05-23 03:58:17,588 | kiwoom.py | 219 | DEBUG -> sPreNext : 
2025-05-23 03:58:17,589 | kiwoom.py | 220 | DEBUG -> 계좌에 가지고 있는 종목은 3 
2025-05-23 03:58:22,602 | kiwoom.py | 139 | DEBUG -> 미체결 종목 요청
2025-05-23 03:58:22,632 | kiwoom.py | 771 | DEBUG -> 스크린: , 요청이름: , tr코드:  ---  조회가 완료되었습니다.
2025-05-23 03:58:22,635 | kiwoom.py | 228 | DEBUG -> 실시간미체결요청
2025-05-23 03:58:22,636 | kiwoom.py | 269 | DEBUG -> 미체결 종목 : {'종목코드': '005930', '종목명': '삼성전자', '주문번호': 122078, '주문상태': '접수', '주문수량': 2, '주문가격': 60000, '주문구분': '매도', '미체결수량': 2, '체결량': 0} 
2025-05-23 03:58:22,638 | kiwoom.py | 269 | DEBUG -> 미체결 종목 : {'종목코드': '225570', '종목명': '넥슨게임즈', '주문번호': 121896, '주문상태': '접수', '주문수량': 5, '주문가격': 10000, '주문구분': '매수', '미체결수량': 5, '체결량': 0} 
2025-05-23 03:58:27,606 | kiwoom.py | 496 | DEBUG -> {'005930': {'스크린번호': '5001', '주문용스크린번호': '6001'}, '034020': {'스크린번호': '5001', '주문용스크린번호': '6001'}, '377480': {'스크린번호': '5001', '주문용스크린번호': '6001'}, '225570': {'스크린번호': '5001', '주문용스크린번호': '6001'}}
2025-05-23 04:00:21,194 | kiwoom.py | 19 | DEBUG -> Kiwoom() class start.
2025-05-23 04:00:24,807 | kiwoom.py | 106 | DEBUG -> 정상처리
2025-05-23 04:00:24,808 | kiwoom.py | 117 | DEBUG -> 계좌번호 : 8103640311
2025-05-23 04:00:24,821 | kiwoom.py | 771 | DEBUG -> 스크린: 2000, 요청이름: 예수금상세현황요청, tr코드: opw00001 --- [100000] 모의투자 조회완료
2025-05-23 04:00:24,822 | kiwoom.py | 151 | DEBUG -> 예수금상세현황요청
2025-05-23 04:00:24,822 | kiwoom.py | 152 | DEBUG -> sTrCode : opw00001
2025-05-23 04:00:24,822 | kiwoom.py | 163 | DEBUG -> 예수금 : 499916240
2025-05-23 04:00:24,823 | kiwoom.py | 129 | DEBUG -> 계좌평가 잔고 내역 요청
2025-05-23 04:00:24,883 | kiwoom.py | 771 | DEBUG -> 스크린: 2000, 요청이름: 계좌평가잔고내역요청, tr코드: opw00018 --- [100000] 모의투자 조회완료
2025-05-23 04:00:24,883 | kiwoom.py | 169 | DEBUG -> 계좌평가잔고내역요청
2025-05-23 04:00:24,885 | kiwoom.py | 170 | DEBUG -> sTrCode : opw00018
2025-05-23 04:00:24,885 | kiwoom.py | 180 | DEBUG -> 계좌평가잔고내역요청 싱글데이터 : 000000000233200 - -00000000004247 - -00000001.82
2025-05-23 04:00:24,885 | kiwoom.py | 196 | DEBUG -> 종목번호: 005930 - 종목명: 삼성전자                                 - 보유수량: 000000000000002 - 매입가: 000000000054550 - 수익률: -00000000.57 - 현재가: 000000054700
2025-05-23 04:00:24,885 | kiwoom.py | 196 | DEBUG -> 종목번호: 034020 - 종목명: 두산에너빌리티                           - 보유수량: 000000000000002 - 매입가: 000000000038850 - 수익률: -00000002.37 - 현재가: 000000038250
2025-05-23 04:00:24,885 | kiwoom.py | 196 | DEBUG -> 종목번호: 377480 - 종목명: 마음AI                                   - 보유수량: 000000000000002 - 매입가: 000000000023200 - 수익률: -00000003.83 - 현재가: 000000022500
2025-05-23 04:00:24,886 | kiwoom.py | 219 | DEBUG -> sPreNext : 
2025-05-23 04:00:24,886 | kiwoom.py | 220 | DEBUG -> 계좌에 가지고 있는 종목은 3 
2025-05-23 04:00:29,896 | kiwoom.py | 139 | DEBUG -> 미체결 종목 요청
2025-05-23 04:00:29,927 | kiwoom.py | 771 | DEBUG -> 스크린: , 요청이름: , tr코드:  ---  조회가 완료되었습니다.
2025-05-23 04:00:29,929 | kiwoom.py | 228 | DEBUG -> 실시간미체결요청
2025-05-23 04:00:34,891 | kiwoom.py | 496 | DEBUG -> {'005930': {'스크린번호': '5001', '주문용스크린번호': '6001'}, '034020': {'스크린번호': '5001', '주문용스크린번호': '6001'}, '377480': {'스크린번호': '5001', '주문용스크린번호': '6001'}}
2025-05-23 04:03:24,064 | kiwoom.py | 19 | DEBUG -> Kiwoom() class start.
2025-05-23 04:03:27,887 | kiwoom.py | 105 | DEBUG -> 정상처리
2025-05-23 04:03:27,888 | kiwoom.py | 116 | DEBUG -> 계좌번호 : 8103640311
2025-05-23 04:03:27,909 | kiwoom.py | 770 | DEBUG -> 스크린: 2000, 요청이름: 예수금상세현황요청, tr코드: opw00001 --- [100000] 모의투자 조회완료
2025-05-23 04:03:27,910 | kiwoom.py | 150 | DEBUG -> 예수금상세현황요청
2025-05-23 04:03:27,910 | kiwoom.py | 151 | DEBUG -> sTrCode : opw00001
2025-05-23 04:03:27,910 | kiwoom.py | 162 | DEBUG -> 예수금 : 499916240
2025-05-23 04:03:27,911 | kiwoom.py | 128 | DEBUG -> 계좌평가 잔고 내역 요청
2025-05-23 04:03:27,971 | kiwoom.py | 770 | DEBUG -> 스크린: 2000, 요청이름: 계좌평가잔고내역요청, tr코드: opw00018 --- [100000] 모의투자 조회완료
2025-05-23 04:03:27,972 | kiwoom.py | 168 | DEBUG -> 계좌평가잔고내역요청
2025-05-23 04:03:27,972 | kiwoom.py | 169 | DEBUG -> sTrCode : opw00018
2025-05-23 04:03:27,972 | kiwoom.py | 179 | DEBUG -> 계좌평가잔고내역요청 싱글데이터 : 000000000233200 - -00000000004247 - -00000001.82
2025-05-23 04:03:27,972 | kiwoom.py | 195 | DEBUG -> 종목번호: 005930 - 종목명: 삼성전자                                 - 보유수량: 000000000000002 - 매입가: 000000000054550 - 수익률: -00000000.57 - 현재가: 000000054700
2025-05-23 04:03:27,973 | kiwoom.py | 195 | DEBUG -> 종목번호: 034020 - 종목명: 두산에너빌리티                           - 보유수량: 000000000000002 - 매입가: 000000000038850 - 수익률: -00000002.37 - 현재가: 000000038250
2025-05-23 04:03:27,973 | kiwoom.py | 195 | DEBUG -> 종목번호: 377480 - 종목명: 마음AI                                   - 보유수량: 000000000000002 - 매입가: 000000000023200 - 수익률: -00000003.83 - 현재가: 000000022500
2025-05-23 04:03:27,973 | kiwoom.py | 218 | DEBUG -> sPreNext : 
2025-05-23 04:03:27,973 | kiwoom.py | 219 | DEBUG -> 계좌에 가지고 있는 종목은 3 
2025-05-23 04:03:32,999 | kiwoom.py | 138 | DEBUG -> 미체결 종목 요청
2025-05-23 04:03:33,014 | kiwoom.py | 770 | DEBUG -> 스크린: , 요청이름: , tr코드:  ---  조회가 완료되었습니다.
2025-05-23 04:03:33,015 | kiwoom.py | 227 | DEBUG -> 실시간미체결요청
2025-05-23 04:03:46,506 | kiwoom.py | 495 | DEBUG -> {'005930': {'스크린번호': '5001', '주문용스크린번호': '6001'}, '034020': {'스크린번호': '5001', '주문용스크린번호': '6001'}, '377480': {'스크린번호': '5001', '주문용스크린번호': '6001'}}
2025-05-23 15:41:12,315 | kiwoom.py | 19 | DEBUG -> Kiwoom() class start.
2025-05-23 15:41:24,489 | kiwoom.py | 105 | DEBUG -> 정상처리
2025-05-23 15:41:24,492 | kiwoom.py | 116 | DEBUG -> 계좌번호 : 8103640311
2025-05-23 15:41:25,571 | kiwoom.py | 770 | DEBUG -> 스크린: 2000, 요청이름: 예수금상세현황요청, tr코드: opw00001 --- [100000] 모의투자 조회완료
2025-05-23 15:41:25,572 | kiwoom.py | 150 | DEBUG -> 예수금상세현황요청
2025-05-23 15:41:25,573 | kiwoom.py | 151 | DEBUG -> sTrCode : opw00001
2025-05-23 15:41:25,573 | kiwoom.py | 162 | DEBUG -> 예수금 : 499916240
2025-05-23 15:41:25,574 | kiwoom.py | 128 | DEBUG -> 계좌평가 잔고 내역 요청
2025-05-23 15:41:25,637 | kiwoom.py | 770 | DEBUG -> 스크린: 2000, 요청이름: 계좌평가잔고내역요청, tr코드: opw00018 --- [100000] 모의투자 조회완료
2025-05-23 15:41:25,641 | kiwoom.py | 168 | DEBUG -> 계좌평가잔고내역요청
2025-05-23 15:41:25,642 | kiwoom.py | 169 | DEBUG -> sTrCode : opw00018
2025-05-23 15:41:25,643 | kiwoom.py | 179 | DEBUG -> 계좌평가잔고내역요청 싱글데이터 : 000000000233200 - 000000000002224 - 000000000.95
2025-05-23 15:41:25,644 | kiwoom.py | 195 | DEBUG -> 종목번호: 005930 - 종목명: 삼성전자                                 - 보유수량: 000000000000002 - 매입가: 000000000054550 - 수익률: -00000001.48 - 현재가: 000000054200
2025-05-23 15:41:25,645 | kiwoom.py | 195 | DEBUG -> 종목번호: 034020 - 종목명: 두산에너빌리티                           - 보유수량: 000000000000002 - 매입가: 000000000038850 - 수익률: 000000004.15 - 현재가: 000000040800
2025-05-23 15:41:25,646 | kiwoom.py | 195 | DEBUG -> 종목번호: 377480 - 종목명: 마음AI                                   - 보유수량: 000000000000002 - 매입가: 000000000023200 - 수익률: 000000001.31 - 현재가: 000000023700
2025-05-23 15:41:25,647 | kiwoom.py | 218 | DEBUG -> sPreNext : 
2025-05-23 15:41:25,647 | kiwoom.py | 219 | DEBUG -> 계좌에 가지고 있는 종목은 3 
2025-05-23 15:41:30,646 | kiwoom.py | 138 | DEBUG -> 미체결 종목 요청
2025-05-23 15:41:30,707 | kiwoom.py | 770 | DEBUG -> 스크린: , 요청이름: , tr코드:  ---  조회가 완료되었습니다.
2025-05-23 15:41:30,710 | kiwoom.py | 227 | DEBUG -> 실시간미체결요청
2025-05-23 15:41:35,670 | kiwoom.py | 495 | DEBUG -> portfolio_stock_dict : {'005930': {'스크린번호': '5001', '주문용스크린번호': '6001'}, '034020': {'스크린번호': '5001', '주문용스크린번호': '6001'}, '377480': {'스크린번호': '5001', '주문용스크린번호': '6001'}} 
2025-05-23 15:41:42,377 | kiwoom.py | 498 | DEBUG -> sRealType : 주식체결 
2025-05-23 15:41:44,367 | kiwoom.py | 498 | DEBUG -> sRealType : 주식체결 
2025-05-23 15:41:45,365 | kiwoom.py | 498 | DEBUG -> sRealType : 주식체결 
2025-05-23 15:41:45,773 | kiwoom.py | 498 | DEBUG -> sRealType : 주식체결 
2025-05-23 15:41:52,581 | kiwoom.py | 498 | DEBUG -> sRealType : 주식체결 
2025-05-23 15:41:54,165 | kiwoom.py | 498 | DEBUG -> sRealType : 주식체결 
2025-05-23 15:41:54,167 | kiwoom.py | 498 | DEBUG -> sRealType : 주식체결 
2025-05-23 15:41:55,777 | kiwoom.py | 498 | DEBUG -> sRealType : 주식체결 
2025-05-23 15:41:57,572 | kiwoom.py | 498 | DEBUG -> sRealType : 주식체결 
2025-05-23 15:41:59,469 | kiwoom.py | 498 | DEBUG -> sRealType : 주식체결 
2025-05-23 15:42:01,070 | kiwoom.py | 498 | DEBUG -> sRealType : 주식체결 
2025-05-23 15:42:02,087 | kiwoom.py | 498 | DEBUG -> sRealType : 주식체결 
2025-05-23 15:42:02,468 | kiwoom.py | 498 | DEBUG -> sRealType : 주식체결 
2025-05-23 15:42:03,572 | kiwoom.py | 498 | DEBUG -> sRealType : 주식체결 
2025-05-23 15:42:06,379 | kiwoom.py | 498 | DEBUG -> sRealType : 주식체결 
2025-05-23 15:42:12,368 | kiwoom.py | 498 | DEBUG -> sRealType : 주식체결 
2025-05-23 15:42:15,073 | kiwoom.py | 498 | DEBUG -> sRealType : 주식체결 
2025-05-23 15:42:18,768 | kiwoom.py | 498 | DEBUG -> sRealType : 주식체결 
2025-05-23 15:42:19,577 | kiwoom.py | 498 | DEBUG -> sRealType : 주식체결 
2025-05-23 15:42:21,669 | kiwoom.py | 498 | DEBUG -> sRealType : 주식체결 
2025-05-23 15:42:24,172 | kiwoom.py | 498 | DEBUG -> sRealType : 주식체결 
2025-05-23 15:42:26,677 | kiwoom.py | 498 | DEBUG -> sRealType : 주식체결 
2025-05-23 15:42:30,074 | kiwoom.py | 498 | DEBUG -> sRealType : 주식체결 
2025-05-23 15:42:32,675 | kiwoom.py | 498 | DEBUG -> sRealType : 주식체결 
2025-05-23 15:42:36,375 | kiwoom.py | 498 | DEBUG -> sRealType : 주식체결 
2025-05-23 15:42:38,675 | kiwoom.py | 498 | DEBUG -> sRealType : 주식체결 
2025-05-23 15:42:41,577 | kiwoom.py | 498 | DEBUG -> sRealType : 주식체결 
2025-05-23 15:42:42,679 | kiwoom.py | 498 | DEBUG -> sRealType : 주식체결 
2025-05-23 15:42:46,879 | kiwoom.py | 498 | DEBUG -> sRealType : 주식체결 
2025-05-23 15:42:50,275 | kiwoom.py | 498 | DEBUG -> sRealType : 주식체결 
2025-05-23 15:42:51,268 | kiwoom.py | 498 | DEBUG -> sRealType : 주식체결 
2025-05-23 15:42:51,282 | kiwoom.py | 584 | DEBUG -> 매도주문 전달 성공
2025-05-23 15:42:51,322 | kiwoom.py | 770 | DEBUG -> 스크린: 6001, 요청이름: 신규매도, tr코드: KOA_NORMAL_SELL_KP_ORD --- [RC4058] 모의투자 장종료
2025-05-23 15:42:54,970 | kiwoom.py | 498 | DEBUG -> sRealType : 주식체결 
2025-05-23 15:42:54,972 | kiwoom.py | 605 | DEBUG -> 매수조건 통과 034020 
2025-05-23 15:42:54,977 | kiwoom.py | 616 | DEBUG -> 매수주문 전달 성공
2025-05-23 15:42:55,000 | kiwoom.py | 770 | DEBUG -> 스크린: 6001, 요청이름: 신규매수, tr코드: KOA_NORMAL_BUY_KP_ORD --- [RC4058] 모의투자 장종료
2025-05-23 15:42:58,973 | kiwoom.py | 498 | DEBUG -> sRealType : 주식체결 
2025-05-23 15:43:00,478 | kiwoom.py | 498 | DEBUG -> sRealType : 주식체결 
2025-05-23 15:43:03,377 | kiwoom.py | 498 | DEBUG -> sRealType : 주식체결 
2025-05-23 15:43:03,671 | kiwoom.py | 498 | DEBUG -> sRealType : 주식체결 
2025-05-23 15:43:08,968 | kiwoom.py | 498 | DEBUG -> sRealType : 주식체결 
2025-05-23 15:43:09,671 | kiwoom.py | 498 | DEBUG -> sRealType : 주식체결 
2025-05-23 15:43:13,864 | kiwoom.py | 498 | DEBUG -> sRealType : 주식체결 
2025-05-23 15:43:17,376 | kiwoom.py | 498 | DEBUG -> sRealType : 주식체결 
2025-05-23 15:43:20,976 | kiwoom.py | 498 | DEBUG -> sRealType : 주식체결 
2025-05-23 15:43:20,978 | kiwoom.py | 498 | DEBUG -> sRealType : 주식체결 
2025-05-23 15:43:21,564 | kiwoom.py | 498 | DEBUG -> sRealType : 주식체결 
2025-05-23 15:43:25,773 | kiwoom.py | 498 | DEBUG -> sRealType : 주식체결 
2025-05-23 15:43:30,467 | kiwoom.py | 498 | DEBUG -> sRealType : 주식체결 
2025-05-23 15:43:31,674 | kiwoom.py | 498 | DEBUG -> sRealType : 주식체결 
2025-05-23 15:43:36,168 | kiwoom.py | 498 | DEBUG -> sRealType : 주식체결 
2025-05-23 15:43:37,570 | kiwoom.py | 498 | DEBUG -> sRealType : 주식체결 
2025-05-23 15:43:37,770 | kiwoom.py | 498 | DEBUG -> sRealType : 주식체결 
2025-05-23 15:43:38,975 | kiwoom.py | 498 | DEBUG -> sRealType : 주식체결 
2025-05-23 15:43:42,263 | kiwoom.py | 498 | DEBUG -> sRealType : 주식체결 
2025-05-23 15:44:41,361 | kiwoom.py | 498 | DEBUG -> sRealType : 주식체결 
2025-05-23 15:44:49,966 | kiwoom.py | 498 | DEBUG -> sRealType : 주식체결 
2025-05-23 15:45:00,469 | kiwoom.py | 498 | DEBUG -> sRealType : 주식체결 
2025-05-23 15:45:01,472 | kiwoom.py | 498 | DEBUG -> sRealType : 장시작시간 
2025-05-23 15:45:01,563 | kiwoom.py | 498 | DEBUG -> sRealType : 장시작시간 
2025-05-23 15:45:01,669 | kiwoom.py | 498 | DEBUG -> sRealType : 장시작시간 
2025-05-23 15:45:01,775 | kiwoom.py | 498 | DEBUG -> sRealType : 장시작시간 
2025-05-23 15:45:01,776 | kiwoom.py | 498 | DEBUG -> sRealType : 장시작시간 
2025-05-23 15:45:01,866 | kiwoom.py | 498 | DEBUG -> sRealType : 장시작시간 
2025-05-23 15:45:01,974 | kiwoom.py | 498 | DEBUG -> sRealType : 장시작시간 
2025-05-23 15:45:02,064 | kiwoom.py | 498 | DEBUG -> sRealType : 장시작시간 
2025-05-23 15:45:02,065 | kiwoom.py | 498 | DEBUG -> sRealType : 장시작시간 
2025-05-23 15:45:02,173 | kiwoom.py | 498 | DEBUG -> sRealType : 장시작시간 
2025-05-23 15:45:02,266 | kiwoom.py | 498 | DEBUG -> sRealType : 장시작시간 
2025-05-23 15:45:02,373 | kiwoom.py | 498 | DEBUG -> sRealType : 장시작시간 
2025-05-23 15:45:02,373 | kiwoom.py | 498 | DEBUG -> sRealType : 장시작시간 
2025-05-23 15:45:02,466 | kiwoom.py | 498 | DEBUG -> sRealType : 장시작시간 
2025-05-23 15:45:02,573 | kiwoom.py | 498 | DEBUG -> sRealType : 장시작시간 
2025-05-23 15:45:02,574 | kiwoom.py | 498 | DEBUG -> sRealType : 장시작시간 
2025-05-23 15:45:03,271 | kiwoom.py | 498 | DEBUG -> sRealType : 장시작시간 
2025-05-23 15:45:03,365 | kiwoom.py | 498 | DEBUG -> sRealType : 장시작시간 
2025-05-23 15:45:03,473 | kiwoom.py | 498 | DEBUG -> sRealType : 장시작시간 
2025-05-23 15:45:03,764 | kiwoom.py | 498 | DEBUG -> sRealType : 장시작시간 
2025-05-23 15:45:03,873 | kiwoom.py | 498 | DEBUG -> sRealType : 장시작시간 
2025-05-23 15:45:35,870 | kiwoom.py | 498 | DEBUG -> sRealType : 주식체결 
2025-05-23 15:45:40,870 | kiwoom.py | 498 | DEBUG -> sRealType : 주식체결 
2025-05-23 15:45:56,177 | kiwoom.py | 498 | DEBUG -> sRealType : 주식체결 
2025-05-23 15:45:58,870 | kiwoom.py | 498 | DEBUG -> sRealType : 주식체결 
2025-05-23 15:45:58,873 | kiwoom.py | 605 | DEBUG -> 매수조건 통과 034020 
2025-05-23 15:45:58,880 | kiwoom.py | 616 | DEBUG -> 매수주문 전달 성공
2025-05-23 15:45:58,899 | kiwoom.py | 770 | DEBUG -> 스크린: 6001, 요청이름: 신규매수, tr코드: KOA_NORMAL_BUY_KP_ORD --- [RC4058] 모의투자 장종료
2025-05-23 15:46:10,173 | kiwoom.py | 498 | DEBUG -> sRealType : 주식체결 
2025-05-23 15:46:10,174 | kiwoom.py | 605 | DEBUG -> 매수조건 통과 034020 
2025-05-23 15:46:10,180 | kiwoom.py | 616 | DEBUG -> 매수주문 전달 성공
2025-05-23 15:46:10,204 | kiwoom.py | 770 | DEBUG -> 스크린: 6001, 요청이름: 신규매수, tr코드: KOA_NORMAL_BUY_KP_ORD --- [RC4058] 모의투자 장종료
2025-05-23 15:46:15,762 | kiwoom.py | 498 | DEBUG -> sRealType : 주식체결 
2025-05-23 15:46:26,972 | kiwoom.py | 498 | DEBUG -> sRealType : 주식체결 
2025-05-23 15:46:28,467 | kiwoom.py | 498 | DEBUG -> sRealType : 주식체결 
2025-05-23 15:46:32,571 | kiwoom.py | 498 | DEBUG -> sRealType : 주식체결 
2025-05-23 15:46:32,572 | kiwoom.py | 605 | DEBUG -> 매수조건 통과 034020 
2025-05-23 15:46:32,574 | kiwoom.py | 616 | DEBUG -> 매수주문 전달 성공
2025-05-23 15:46:32,587 | kiwoom.py | 770 | DEBUG -> 스크린: 6001, 요청이름: 신규매수, tr코드: KOA_NORMAL_BUY_KP_ORD --- [RC4058] 모의투자 장종료
2025-05-23 15:46:52,671 | kiwoom.py | 498 | DEBUG -> sRealType : 주식체결 
2025-05-23 15:46:52,673 | kiwoom.py | 605 | DEBUG -> 매수조건 통과 034020 
2025-05-23 15:46:52,677 | kiwoom.py | 616 | DEBUG -> 매수주문 전달 성공
2025-05-23 15:46:52,702 | kiwoom.py | 770 | DEBUG -> 스크린: 6001, 요청이름: 신규매수, tr코드: KOA_NORMAL_BUY_KP_ORD --- [RC4058] 모의투자 장종료
2025-05-23 15:46:54,074 | kiwoom.py | 498 | DEBUG -> sRealType : 주식체결 
2025-05-23 15:47:04,875 | kiwoom.py | 498 | DEBUG -> sRealType : 주식체결 
2025-05-23 15:47:11,163 | kiwoom.py | 498 | DEBUG -> sRealType : 주식체결 
2025-05-23 15:47:11,168 | kiwoom.py | 605 | DEBUG -> 매수조건 통과 034020 
2025-05-23 15:47:11,172 | kiwoom.py | 616 | DEBUG -> 매수주문 전달 성공
2025-05-23 15:47:11,196 | kiwoom.py | 770 | DEBUG -> 스크린: 6001, 요청이름: 신규매수, tr코드: KOA_NORMAL_BUY_KP_ORD --- [RC4058] 모의투자 장종료
2025-05-23 15:47:21,269 | kiwoom.py | 498 | DEBUG -> sRealType : 주식체결 
2025-05-23 15:47:21,271 | kiwoom.py | 605 | DEBUG -> 매수조건 통과 034020 
2025-05-23 15:47:21,275 | kiwoom.py | 616 | DEBUG -> 매수주문 전달 성공
2025-05-23 15:47:21,300 | kiwoom.py | 770 | DEBUG -> 스크린: 6001, 요청이름: 신규매수, tr코드: KOA_NORMAL_BUY_KP_ORD --- [RC4058] 모의투자 장종료
2025-05-23 15:47:21,674 | kiwoom.py | 498 | DEBUG -> sRealType : 주식체결 
2025-05-23 15:47:21,971 | kiwoom.py | 498 | DEBUG -> sRealType : 주식체결 
2025-05-23 15:47:21,974 | kiwoom.py | 605 | DEBUG -> 매수조건 통과 034020 
2025-05-23 15:47:21,979 | kiwoom.py | 616 | DEBUG -> 매수주문 전달 성공
2025-05-23 15:47:22,001 | kiwoom.py | 770 | DEBUG -> 스크린: 6001, 요청이름: 신규매수, tr코드: KOA_NORMAL_BUY_KP_ORD --- [RC4058] 모의투자 장종료
2025-05-23 15:47:22,064 | kiwoom.py | 498 | DEBUG -> sRealType : 주식체결 
2025-05-23 15:47:22,068 | kiwoom.py | 605 | DEBUG -> 매수조건 통과 034020 
2025-05-23 15:47:22,072 | kiwoom.py | 616 | DEBUG -> 매수주문 전달 성공
2025-05-23 15:47:22,094 | kiwoom.py | 770 | DEBUG -> 스크린: 6001, 요청이름: 신규매수, tr코드: KOA_NORMAL_BUY_KP_ORD --- [RC4058] 모의투자 장종료
2025-05-23 15:47:41,268 | kiwoom.py | 498 | DEBUG -> sRealType : 주식체결 
2025-05-23 15:47:41,268 | kiwoom.py | 605 | DEBUG -> 매수조건 통과 034020 
2025-05-23 15:47:41,272 | kiwoom.py | 616 | DEBUG -> 매수주문 전달 성공
2025-05-23 15:47:41,298 | kiwoom.py | 770 | DEBUG -> 스크린: 6001, 요청이름: 신규매수, tr코드: KOA_NORMAL_BUY_KP_ORD --- [RC4058] 모의투자 장종료
2025-05-23 15:48:29,970 | kiwoom.py | 498 | DEBUG -> sRealType : 주식체결 
2025-05-23 15:48:38,470 | kiwoom.py | 498 | DEBUG -> sRealType : 주식체결 
2025-05-23 15:48:39,874 | kiwoom.py | 498 | DEBUG -> sRealType : 주식체결 
2025-05-23 15:49:02,767 | kiwoom.py | 498 | DEBUG -> sRealType : 주식체결 
2025-05-23 15:49:04,478 | kiwoom.py | 498 | DEBUG -> sRealType : 주식체결 
2025-05-23 15:49:04,480 | kiwoom.py | 605 | DEBUG -> 매수조건 통과 034020 
2025-05-23 15:49:04,484 | kiwoom.py | 616 | DEBUG -> 매수주문 전달 성공
2025-05-23 15:49:04,510 | kiwoom.py | 770 | DEBUG -> 스크린: 6001, 요청이름: 신규매수, tr코드: KOA_NORMAL_BUY_KP_ORD --- [RC4058] 모의투자 장종료
2025-05-23 15:49:15,271 | kiwoom.py | 498 | DEBUG -> sRealType : 주식체결 
2025-05-23 15:49:18,466 | kiwoom.py | 498 | DEBUG -> sRealType : 주식체결 
2025-05-23 15:49:18,466 | kiwoom.py | 605 | DEBUG -> 매수조건 통과 034020 
2025-05-23 15:49:18,468 | kiwoom.py | 616 | DEBUG -> 매수주문 전달 성공
2025-05-23 15:49:18,481 | kiwoom.py | 770 | DEBUG -> 스크린: 6001, 요청이름: 신규매수, tr코드: KOA_NORMAL_BUY_KP_ORD --- [RC4058] 모의투자 장종료
2025-05-23 15:49:19,572 | kiwoom.py | 498 | DEBUG -> sRealType : 주식체결 
2025-05-23 15:49:19,972 | kiwoom.py | 498 | DEBUG -> sRealType : 주식체결 
2025-05-23 15:49:27,587 | kiwoom.py | 498 | DEBUG -> sRealType : 주식체결 
2025-05-23 15:49:30,577 | kiwoom.py | 498 | DEBUG -> sRealType : 주식체결 
2025-05-23 15:49:35,266 | kiwoom.py | 498 | DEBUG -> sRealType : 주식체결 
2025-05-23 15:49:54,565 | kiwoom.py | 498 | DEBUG -> sRealType : 주식체결 
2025-05-23 15:50:01,269 | kiwoom.py | 498 | DEBUG -> sRealType : 주식체결 
2025-05-23 15:50:01,271 | kiwoom.py | 605 | DEBUG -> 매수조건 통과 034020 
2025-05-23 15:50:01,276 | kiwoom.py | 616 | DEBUG -> 매수주문 전달 성공
2025-05-23 15:50:01,300 | kiwoom.py | 770 | DEBUG -> 스크린: 6001, 요청이름: 신규매수, tr코드: KOA_NORMAL_BUY_KP_ORD --- [RC4058] 모의투자 장종료
2025-05-23 15:50:02,968 | kiwoom.py | 498 | DEBUG -> sRealType : 주식체결 
2025-05-23 15:50:10,870 | kiwoom.py | 498 | DEBUG -> sRealType : 주식체결 
2025-05-23 15:50:20,073 | kiwoom.py | 498 | DEBUG -> sRealType : 주식체결 
2025-05-23 15:50:23,275 | kiwoom.py | 498 | DEBUG -> sRealType : 주식체결 
2025-05-23 15:50:23,972 | kiwoom.py | 498 | DEBUG -> sRealType : 주식체결 
2025-05-23 15:50:25,366 | kiwoom.py | 498 | DEBUG -> sRealType : 주식체결 
2025-05-23 15:50:32,062 | kiwoom.py | 498 | DEBUG -> sRealType : 주식체결 
2025-05-23 15:50:40,661 | kiwoom.py | 498 | DEBUG -> sRealType : 주식체결 
2025-05-23 15:50:47,072 | kiwoom.py | 498 | DEBUG -> sRealType : 주식체결 
2025-05-23 15:50:49,573 | kiwoom.py | 498 | DEBUG -> sRealType : 주식체결 
2025-05-23 15:50:52,967 | kiwoom.py | 498 | DEBUG -> sRealType : 주식체결 
2025-05-23 15:50:53,276 | kiwoom.py | 498 | DEBUG -> sRealType : 주식체결 
2025-05-23 15:50:58,174 | kiwoom.py | 498 | DEBUG -> sRealType : 주식체결 
2025-05-23 15:51:00,072 | kiwoom.py | 498 | DEBUG -> sRealType : 주식체결 
2025-05-23 15:51:05,768 | kiwoom.py | 498 | DEBUG -> sRealType : 주식체결 
2025-05-23 15:51:05,971 | kiwoom.py | 498 | DEBUG -> sRealType : 주식체결 
2025-05-23 15:51:09,071 | kiwoom.py | 498 | DEBUG -> sRealType : 주식체결 
2025-05-23 15:51:09,162 | kiwoom.py | 498 | DEBUG -> sRealType : 주식체결 
2025-05-23 15:51:13,762 | kiwoom.py | 498 | DEBUG -> sRealType : 주식체결 
2025-05-23 15:51:17,092 | kiwoom.py | 498 | DEBUG -> sRealType : 주식체결 
2025-05-23 15:51:18,305 | kiwoom.py | 498 | DEBUG -> sRealType : 주식체결 
2025-05-23 15:51:19,477 | kiwoom.py | 498 | DEBUG -> sRealType : 주식체결 
2025-05-23 15:51:21,059 | kiwoom.py | 498 | DEBUG -> sRealType : 주식체결 
2025-05-23 15:51:21,167 | kiwoom.py | 498 | DEBUG -> sRealType : 주식체결 
2025-05-23 15:51:23,766 | kiwoom.py | 498 | DEBUG -> sRealType : 주식체결 
2025-05-23 15:51:30,874 | kiwoom.py | 498 | DEBUG -> sRealType : 주식체결 
2025-05-23 15:51:32,272 | kiwoom.py | 498 | DEBUG -> sRealType : 주식체결 
2025-05-23 15:51:37,664 | kiwoom.py | 498 | DEBUG -> sRealType : 주식체결 
2025-05-23 15:51:40,973 | kiwoom.py | 498 | DEBUG -> sRealType : 주식체결 
2025-05-23 15:51:41,661 | kiwoom.py | 498 | DEBUG -> sRealType : 주식체결 
2025-05-23 15:51:43,176 | kiwoom.py | 498 | DEBUG -> sRealType : 주식체결 
2025-05-23 15:51:45,173 | kiwoom.py | 498 | DEBUG -> sRealType : 주식체결 
2025-05-23 15:51:48,870 | kiwoom.py | 498 | DEBUG -> sRealType : 주식체결 
2025-05-23 15:51:49,461 | kiwoom.py | 498 | DEBUG -> sRealType : 주식체결 
2025-05-23 15:51:49,865 | kiwoom.py | 498 | DEBUG -> sRealType : 주식체결 
2025-05-23 15:51:53,370 | kiwoom.py | 498 | DEBUG -> sRealType : 주식체결 
2025-05-23 15:51:56,966 | kiwoom.py | 498 | DEBUG -> sRealType : 주식체결 
2025-05-23 15:51:59,163 | kiwoom.py | 498 | DEBUG -> sRealType : 주식체결 
2025-05-23 15:52:01,375 | kiwoom.py | 498 | DEBUG -> sRealType : 주식체결 
2025-05-23 15:52:04,369 | kiwoom.py | 498 | DEBUG -> sRealType : 주식체결 
2025-05-23 15:52:05,161 | kiwoom.py | 498 | DEBUG -> sRealType : 주식체결 
2025-05-23 15:52:06,961 | kiwoom.py | 498 | DEBUG -> sRealType : 주식체결 
2025-05-23 15:52:07,461 | kiwoom.py | 498 | DEBUG -> sRealType : 주식체결 
2025-05-23 15:52:07,464 | kiwoom.py | 605 | DEBUG -> 매수조건 통과 034020 
2025-05-23 15:52:07,469 | kiwoom.py | 616 | DEBUG -> 매수주문 전달 성공
2025-05-23 15:52:07,491 | kiwoom.py | 770 | DEBUG -> 스크린: 6001, 요청이름: 신규매수, tr코드: KOA_NORMAL_BUY_KP_ORD --- [RC4058] 모의투자 장종료
2025-05-23 15:52:07,774 | kiwoom.py | 498 | DEBUG -> sRealType : 주식체결 
2025-05-23 15:52:07,777 | kiwoom.py | 498 | DEBUG -> sRealType : 주식체결 
2025-05-23 15:52:07,779 | kiwoom.py | 605 | DEBUG -> 매수조건 통과 034020 
2025-05-23 15:52:07,782 | kiwoom.py | 616 | DEBUG -> 매수주문 전달 성공
2025-05-23 15:52:07,803 | kiwoom.py | 770 | DEBUG -> 스크린: 6001, 요청이름: 신규매수, tr코드: KOA_NORMAL_BUY_KP_ORD --- [RC4058] 모의투자 장종료
2025-05-23 15:52:09,874 | kiwoom.py | 498 | DEBUG -> sRealType : 주식체결 
2025-05-23 15:52:11,367 | kiwoom.py | 498 | DEBUG -> sRealType : 주식체결 
2025-05-23 15:52:14,460 | kiwoom.py | 498 | DEBUG -> sRealType : 주식체결 
2025-05-23 15:52:18,663 | kiwoom.py | 498 | DEBUG -> sRealType : 주식체결 
2025-05-23 15:52:19,268 | kiwoom.py | 498 | DEBUG -> sRealType : 주식체결 
2025-05-23 15:52:21,260 | kiwoom.py | 498 | DEBUG -> sRealType : 주식체결 
2025-05-23 15:52:23,760 | kiwoom.py | 498 | DEBUG -> sRealType : 주식체결 
2025-05-23 15:53:24,971 | kiwoom.py | 498 | DEBUG -> sRealType : 주식체결 
2025-05-23 15:53:38,567 | kiwoom.py | 498 | DEBUG -> sRealType : 주식체결 
2025-05-23 15:53:38,570 | kiwoom.py | 605 | DEBUG -> 매수조건 통과 034020 
2025-05-23 15:53:38,575 | kiwoom.py | 616 | DEBUG -> 매수주문 전달 성공
2025-05-23 15:53:38,597 | kiwoom.py | 770 | DEBUG -> 스크린: 6001, 요청이름: 신규매수, tr코드: KOA_NORMAL_BUY_KP_ORD --- [RC4058] 모의투자 장종료
2025-05-23 15:53:56,172 | kiwoom.py | 498 | DEBUG -> sRealType : 주식체결 
2025-05-23 15:54:07,073 | kiwoom.py | 498 | DEBUG -> sRealType : 주식체결 
2025-05-23 15:54:07,075 | kiwoom.py | 605 | DEBUG -> 매수조건 통과 034020 
2025-05-23 15:54:07,080 | kiwoom.py | 616 | DEBUG -> 매수주문 전달 성공
2025-05-23 15:54:07,103 | kiwoom.py | 770 | DEBUG -> 스크린: 6001, 요청이름: 신규매수, tr코드: KOA_NORMAL_BUY_KP_ORD --- [RC4058] 모의투자 장종료
2025-05-23 15:54:52,260 | kiwoom.py | 498 | DEBUG -> sRealType : 주식체결 
2025-05-23 15:55:21,368 | kiwoom.py | 498 | DEBUG -> sRealType : 주식체결 
2025-05-23 15:55:57,166 | kiwoom.py | 498 | DEBUG -> sRealType : 주식체결 
2025-05-23 15:55:57,167 | kiwoom.py | 605 | DEBUG -> 매수조건 통과 034020 
2025-05-23 15:55:57,171 | kiwoom.py | 616 | DEBUG -> 매수주문 전달 성공
2025-05-23 15:55:57,195 | kiwoom.py | 770 | DEBUG -> 스크린: 6001, 요청이름: 신규매수, tr코드: KOA_NORMAL_BUY_KP_ORD --- [RC4058] 모의투자 장종료
2025-05-23 15:56:12,462 | kiwoom.py | 498 | DEBUG -> sRealType : 주식체결 
2025-05-23 15:56:12,463 | kiwoom.py | 605 | DEBUG -> 매수조건 통과 034020 
2025-05-23 15:56:12,466 | kiwoom.py | 616 | DEBUG -> 매수주문 전달 성공
2025-05-23 15:56:12,494 | kiwoom.py | 770 | DEBUG -> 스크린: 6001, 요청이름: 신규매수, tr코드: KOA_NORMAL_BUY_KP_ORD --- [RC4058] 모의투자 장종료
2025-05-23 15:56:31,374 | kiwoom.py | 498 | DEBUG -> sRealType : 주식체결 
2025-05-23 15:56:31,375 | kiwoom.py | 605 | DEBUG -> 매수조건 통과 034020 
2025-05-23 15:56:31,378 | kiwoom.py | 616 | DEBUG -> 매수주문 전달 성공
2025-05-23 15:56:31,403 | kiwoom.py | 770 | DEBUG -> 스크린: 6001, 요청이름: 신규매수, tr코드: KOA_NORMAL_BUY_KP_ORD --- [RC4058] 모의투자 장종료
2025-05-23 15:57:05,958 | kiwoom.py | 498 | DEBUG -> sRealType : 주식체결 
2025-05-23 15:57:09,262 | kiwoom.py | 498 | DEBUG -> sRealType : 주식체결 
2025-05-23 15:57:16,265 | kiwoom.py | 498 | DEBUG -> sRealType : 주식체결 
2025-05-23 15:57:44,066 | kiwoom.py | 498 | DEBUG -> sRealType : 주식체결 
2025-05-23 15:57:44,068 | kiwoom.py | 605 | DEBUG -> 매수조건 통과 034020 
2025-05-23 15:57:44,072 | kiwoom.py | 616 | DEBUG -> 매수주문 전달 성공
2025-05-23 15:57:44,103 | kiwoom.py | 770 | DEBUG -> 스크린: 6001, 요청이름: 신규매수, tr코드: KOA_NORMAL_BUY_KP_ORD --- [RC4058] 모의투자 장종료
2025-05-23 15:57:56,473 | kiwoom.py | 498 | DEBUG -> sRealType : 주식체결 
2025-05-23 15:58:11,366 | kiwoom.py | 498 | DEBUG -> sRealType : 주식체결 
2025-05-23 15:58:39,159 | kiwoom.py | 498 | DEBUG -> sRealType : 주식체결 
2025-05-23 15:58:48,272 | kiwoom.py | 498 | DEBUG -> sRealType : 주식체결 
2025-05-23 15:58:48,274 | kiwoom.py | 605 | DEBUG -> 매수조건 통과 034020 
2025-05-23 15:58:48,278 | kiwoom.py | 616 | DEBUG -> 매수주문 전달 성공
2025-05-23 15:58:48,301 | kiwoom.py | 770 | DEBUG -> 스크린: 6001, 요청이름: 신규매수, tr코드: KOA_NORMAL_BUY_KP_ORD --- [RC4058] 모의투자 장종료
2025-05-23 15:59:01,871 | kiwoom.py | 498 | DEBUG -> sRealType : 주식체결 
2025-05-23 15:59:47,770 | kiwoom.py | 498 | DEBUG -> sRealType : 주식체결 
2025-05-23 16:00:01,558 | kiwoom.py | 498 | DEBUG -> sRealType : 장시작시간 
2025-05-23 16:00:01,562 | kiwoom.py | 498 | DEBUG -> sRealType : 장시작시간 
2025-05-23 16:10:32,188 | kiwoom.py | 498 | DEBUG -> sRealType : ECN주식체결 
2025-05-23 16:20:05,854 | kiwoom.py | 498 | DEBUG -> sRealType : ECN주식체결 
2025-05-23 16:30:28,953 | kiwoom.py | 498 | DEBUG -> sRealType : ECN주식체결 
2025-05-23 16:40:04,248 | kiwoom.py | 498 | DEBUG -> sRealType : ECN주식체결 
2025-05-23 16:50:18,253 | kiwoom.py | 498 | DEBUG -> sRealType : ECN주식체결 
2025-05-23 17:00:31,749 | kiwoom.py | 498 | DEBUG -> sRealType : ECN주식체결 
2025-05-23 17:06:48,331 | kiwoom.py | 19 | DEBUG -> Kiwoom() class start.
2025-05-23 17:07:59,072 | kiwoom.py | 19 | DEBUG -> Kiwoom() class start.
2025-05-23 17:10:04,446 | kiwoom.py | 19 | DEBUG -> Kiwoom() class start.
2025-05-23 17:10:15,023 | kiwoom.py | 105 | DEBUG -> 정상처리
2025-05-23 17:10:15,023 | kiwoom.py | 116 | DEBUG -> 계좌번호 : 8103640311
2025-05-23 17:10:15,045 | kiwoom.py | 772 | DEBUG -> 스크린: 2000, 요청이름: 예수금상세현황요청, tr코드: opw00001 --- [100000] 모의투자 조회완료
2025-05-23 17:10:15,046 | kiwoom.py | 150 | DEBUG -> 예수금상세현황요청
2025-05-23 17:10:15,046 | kiwoom.py | 151 | DEBUG -> sTrCode : opw00001
2025-05-23 17:10:15,046 | kiwoom.py | 162 | DEBUG -> 예수금 : 499765990
2025-05-23 17:10:15,047 | kiwoom.py | 128 | DEBUG -> 계좌평가 잔고 내역 요청
2025-05-23 17:10:15,955 | kiwoom.py | 772 | DEBUG -> 스크린: 2000, 요청이름: 계좌평가잔고내역요청, tr코드: opw00018 --- [100000] 모의투자 조회완료
2025-05-23 17:10:15,956 | kiwoom.py | 168 | DEBUG -> 계좌평가잔고내역요청
2025-05-23 17:10:15,956 | kiwoom.py | 169 | DEBUG -> sTrCode : opw00018
2025-05-23 17:10:15,956 | kiwoom.py | 179 | DEBUG -> 계좌평가잔고내역요청 싱글데이터 : 000000000233200 - 000000000002224 - 000000000.95
2025-05-23 17:10:15,957 | kiwoom.py | 195 | DEBUG -> 종목번호: 005930 - 종목명: 삼성전자                                 - 보유수량: 000000000000002 - 매입가: 000000000054550 - 수익률: -00000001.48 - 현재가: 000000054200
2025-05-23 17:10:15,957 | kiwoom.py | 195 | DEBUG -> 종목번호: 034020 - 종목명: 두산에너빌리티                           - 보유수량: 000000000000002 - 매입가: 000000000038850 - 수익률: 000000004.15 - 현재가: 000000040800
2025-05-23 17:10:15,957 | kiwoom.py | 195 | DEBUG -> 종목번호: 377480 - 종목명: 마음AI                                   - 보유수량: 000000000000002 - 매입가: 000000000023200 - 수익률: 000000001.31 - 현재가: 000000023700
2025-05-23 17:10:15,957 | kiwoom.py | 218 | DEBUG -> sPreNext : 
2025-05-23 17:10:15,958 | kiwoom.py | 219 | DEBUG -> 계좌에 가지고 있는 종목은 3 
2025-05-23 17:10:20,969 | kiwoom.py | 138 | DEBUG -> 미체결 종목 요청
2025-05-23 17:10:20,985 | kiwoom.py | 772 | DEBUG -> 스크린: , 요청이름: , tr코드:  ---  조회가 완료되었습니다.
2025-05-23 17:10:20,986 | kiwoom.py | 227 | DEBUG -> 실시간미체결요청
2025-05-23 17:10:25,963 | kiwoom.py | 495 | DEBUG -> portfolio_stock_dict : {'005930': {'스크린번호': '5001', '주문용스크린번호': '6001'}, '034020': {'스크린번호': '5001', '주문용스크린번호': '6001'}, '377480': {'스크린번호': '5001', '주문용스크린번호': '6001'}} 
2025-05-23 17:17:26,311 | __init__.py | 12 | DEBUG -> Main() start
2025-05-23 17:17:26,323 | kiwoom.py | 19 | DEBUG -> Kiwoom() class start.
2025-05-23 17:17:26,323 | kiwoom.py | 19 | DEBUG -> Kiwoom() class start.
2025-05-23 17:17:31,327 | kiwoom.py | 105 | DEBUG -> 정상처리
2025-05-23 17:17:31,327 | kiwoom.py | 105 | DEBUG -> 정상처리
2025-05-23 17:17:31,328 | kiwoom.py | 116 | DEBUG -> 계좌번호 : 8103640311
2025-05-23 17:17:31,328 | kiwoom.py | 116 | DEBUG -> 계좌번호 : 8103640311
2025-05-23 17:17:31,339 | kiwoom.py | 772 | DEBUG -> 스크린: 2000, 요청이름: 예수금상세현황요청, tr코드: opw00001 --- [100000] 모의투자 조회완료
2025-05-23 17:17:31,339 | kiwoom.py | 772 | DEBUG -> 스크린: 2000, 요청이름: 예수금상세현황요청, tr코드: opw00001 --- [100000] 모의투자 조회완료
2025-05-23 17:17:31,340 | kiwoom.py | 150 | DEBUG -> 예수금상세현황요청
2025-05-23 17:17:31,340 | kiwoom.py | 150 | DEBUG -> 예수금상세현황요청
2025-05-23 17:17:31,340 | kiwoom.py | 151 | DEBUG -> sTrCode : opw00001
2025-05-23 17:17:31,340 | kiwoom.py | 151 | DEBUG -> sTrCode : opw00001
2025-05-23 17:17:31,340 | kiwoom.py | 162 | DEBUG -> 예수금 : 499765990
2025-05-23 17:17:31,340 | kiwoom.py | 162 | DEBUG -> 예수금 : 499765990
2025-05-23 17:17:31,341 | kiwoom.py | 128 | DEBUG -> 계좌평가 잔고 내역 요청
2025-05-23 17:17:31,341 | kiwoom.py | 128 | DEBUG -> 계좌평가 잔고 내역 요청
2025-05-23 17:17:31,399 | kiwoom.py | 772 | DEBUG -> 스크린: 2000, 요청이름: 계좌평가잔고내역요청, tr코드: opw00018 --- [100000] 모의투자 조회완료
2025-05-23 17:17:31,399 | kiwoom.py | 772 | DEBUG -> 스크린: 2000, 요청이름: 계좌평가잔고내역요청, tr코드: opw00018 --- [100000] 모의투자 조회완료
2025-05-23 17:17:31,400 | kiwoom.py | 168 | DEBUG -> 계좌평가잔고내역요청
2025-05-23 17:17:31,400 | kiwoom.py | 168 | DEBUG -> 계좌평가잔고내역요청
2025-05-23 17:17:31,400 | kiwoom.py | 169 | DEBUG -> sTrCode : opw00018
2025-05-23 17:17:31,400 | kiwoom.py | 169 | DEBUG -> sTrCode : opw00018
2025-05-23 17:17:31,400 | kiwoom.py | 179 | DEBUG -> 계좌평가잔고내역요청 싱글데이터 : 000000000233200 - 000000000002224 - 000000000.95
2025-05-23 17:17:31,400 | kiwoom.py | 179 | DEBUG -> 계좌평가잔고내역요청 싱글데이터 : 000000000233200 - 000000000002224 - 000000000.95
2025-05-23 17:17:31,400 | kiwoom.py | 195 | DEBUG -> 종목번호: 005930 - 종목명: 삼성전자                                 - 보유수량: 000000000000002 - 매입가: 000000000054550 - 수익률: -00000001.48 - 현재가: 000000054200
2025-05-23 17:17:31,400 | kiwoom.py | 195 | DEBUG -> 종목번호: 005930 - 종목명: 삼성전자                                 - 보유수량: 000000000000002 - 매입가: 000000000054550 - 수익률: -00000001.48 - 현재가: 000000054200
2025-05-23 17:17:31,401 | kiwoom.py | 195 | DEBUG -> 종목번호: 034020 - 종목명: 두산에너빌리티                           - 보유수량: 000000000000002 - 매입가: 000000000038850 - 수익률: 000000004.15 - 현재가: 000000040800
2025-05-23 17:17:31,401 | kiwoom.py | 195 | DEBUG -> 종목번호: 034020 - 종목명: 두산에너빌리티                           - 보유수량: 000000000000002 - 매입가: 000000000038850 - 수익률: 000000004.15 - 현재가: 000000040800
2025-05-23 17:17:31,401 | kiwoom.py | 195 | DEBUG -> 종목번호: 377480 - 종목명: 마음AI                                   - 보유수량: 000000000000002 - 매입가: 000000000023200 - 수익률: 000000001.31 - 현재가: 000000023700
2025-05-23 17:17:31,401 | kiwoom.py | 195 | DEBUG -> 종목번호: 377480 - 종목명: 마음AI                                   - 보유수량: 000000000000002 - 매입가: 000000000023200 - 수익률: 000000001.31 - 현재가: 000000023700
2025-05-23 17:17:31,401 | kiwoom.py | 218 | DEBUG -> sPreNext : 
2025-05-23 17:17:31,401 | kiwoom.py | 218 | DEBUG -> sPreNext : 
2025-05-23 17:17:31,401 | kiwoom.py | 219 | DEBUG -> 계좌에 가지고 있는 종목은 3 
2025-05-23 17:17:31,401 | kiwoom.py | 219 | DEBUG -> 계좌에 가지고 있는 종목은 3 
2025-05-23 17:17:36,409 | kiwoom.py | 138 | DEBUG -> 미체결 종목 요청
2025-05-23 17:17:36,409 | kiwoom.py | 138 | DEBUG -> 미체결 종목 요청
2025-05-23 17:17:36,438 | kiwoom.py | 772 | DEBUG -> 스크린: , 요청이름: , tr코드:  ---  조회가 완료되었습니다.
2025-05-23 17:17:36,438 | kiwoom.py | 772 | DEBUG -> 스크린: , 요청이름: , tr코드:  ---  조회가 완료되었습니다.
2025-05-23 17:17:36,441 | kiwoom.py | 227 | DEBUG -> 실시간미체결요청
2025-05-23 17:17:36,441 | kiwoom.py | 227 | DEBUG -> 실시간미체결요청
2025-05-23 17:17:41,416 | kiwoom.py | 495 | DEBUG -> portfolio_stock_dict : {'005930': {'스크린번호': '5001', '주문용스크린번호': '6001'}, '034020': {'스크린번호': '5001', '주문용스크린번호': '6001'}, '377480': {'스크린번호': '5001', '주문용스크린번호': '6001'}} 
2025-05-23 17:17:41,416 | kiwoom.py | 495 | DEBUG -> portfolio_stock_dict : {'005930': {'스크린번호': '5001', '주문용스크린번호': '6001'}, '034020': {'스크린번호': '5001', '주문용스크린번호': '6001'}, '377480': {'스크린번호': '5001', '주문용스크린번호': '6001'}} 
2025-05-23 17:19:10,418 | __init__.py | 12 | DEBUG -> Main() start
2025-05-23 17:19:10,431 | kiwoom.py | 19 | DEBUG -> Kiwoom() class start.
2025-05-23 17:19:10,431 | kiwoom.py | 19 | DEBUG -> Kiwoom() class start.
2025-05-23 17:19:15,264 | kiwoom.py | 105 | DEBUG -> 정상처리
2025-05-23 17:19:15,264 | kiwoom.py | 105 | DEBUG -> 정상처리
2025-05-23 17:19:15,264 | kiwoom.py | 116 | DEBUG -> 계좌번호 : 8103640311
2025-05-23 17:19:15,264 | kiwoom.py | 116 | DEBUG -> 계좌번호 : 8103640311
2025-05-23 17:19:15,288 | kiwoom.py | 772 | DEBUG -> 스크린: 2000, 요청이름: 예수금상세현황요청, tr코드: opw00001 --- [100000] 모의투자 조회완료
2025-05-23 17:19:15,288 | kiwoom.py | 772 | DEBUG -> 스크린: 2000, 요청이름: 예수금상세현황요청, tr코드: opw00001 --- [100000] 모의투자 조회완료
2025-05-23 17:19:15,289 | kiwoom.py | 150 | DEBUG -> 예수금상세현황요청
2025-05-23 17:19:15,289 | kiwoom.py | 150 | DEBUG -> 예수금상세현황요청
2025-05-23 17:19:15,289 | kiwoom.py | 151 | DEBUG -> sTrCode : opw00001
2025-05-23 17:19:15,289 | kiwoom.py | 151 | DEBUG -> sTrCode : opw00001
2025-05-23 17:19:15,289 | kiwoom.py | 162 | DEBUG -> 예수금 : 499765990
2025-05-23 17:19:15,289 | kiwoom.py | 162 | DEBUG -> 예수금 : 499765990
2025-05-23 17:19:15,290 | kiwoom.py | 128 | DEBUG -> 계좌평가 잔고 내역 요청
2025-05-23 17:19:15,290 | kiwoom.py | 128 | DEBUG -> 계좌평가 잔고 내역 요청
2025-05-23 17:19:15,348 | kiwoom.py | 772 | DEBUG -> 스크린: 2000, 요청이름: 계좌평가잔고내역요청, tr코드: opw00018 --- [100000] 모의투자 조회완료
2025-05-23 17:19:15,348 | kiwoom.py | 772 | DEBUG -> 스크린: 2000, 요청이름: 계좌평가잔고내역요청, tr코드: opw00018 --- [100000] 모의투자 조회완료
2025-05-23 17:19:15,350 | kiwoom.py | 168 | DEBUG -> 계좌평가잔고내역요청
2025-05-23 17:19:15,350 | kiwoom.py | 168 | DEBUG -> 계좌평가잔고내역요청
2025-05-23 17:19:15,350 | kiwoom.py | 169 | DEBUG -> sTrCode : opw00018
2025-05-23 17:19:15,350 | kiwoom.py | 169 | DEBUG -> sTrCode : opw00018
2025-05-23 17:19:15,350 | kiwoom.py | 179 | DEBUG -> 계좌평가잔고내역요청 싱글데이터 : 000000000233200 - 000000000002224 - 000000000.95
2025-05-23 17:19:15,350 | kiwoom.py | 179 | DEBUG -> 계좌평가잔고내역요청 싱글데이터 : 000000000233200 - 000000000002224 - 000000000.95
2025-05-23 17:19:15,352 | kiwoom.py | 195 | DEBUG -> 종목번호: 005930 - 종목명: 삼성전자                                 - 보유수량: 000000000000002 - 매입가: 000000000054550 - 수익률: -00000001.48 - 현재가: 000000054200
2025-05-23 17:19:15,352 | kiwoom.py | 195 | DEBUG -> 종목번호: 005930 - 종목명: 삼성전자                                 - 보유수량: 000000000000002 - 매입가: 000000000054550 - 수익률: -00000001.48 - 현재가: 000000054200
2025-05-23 17:19:15,352 | kiwoom.py | 195 | DEBUG -> 종목번호: 034020 - 종목명: 두산에너빌리티                           - 보유수량: 000000000000002 - 매입가: 000000000038850 - 수익률: 000000004.15 - 현재가: 000000040800
2025-05-23 17:19:15,352 | kiwoom.py | 195 | DEBUG -> 종목번호: 034020 - 종목명: 두산에너빌리티                           - 보유수량: 000000000000002 - 매입가: 000000000038850 - 수익률: 000000004.15 - 현재가: 000000040800
2025-05-23 17:19:15,353 | kiwoom.py | 195 | DEBUG -> 종목번호: 377480 - 종목명: 마음AI                                   - 보유수량: 000000000000002 - 매입가: 000000000023200 - 수익률: 000000001.31 - 현재가: 000000023700
2025-05-23 17:19:15,353 | kiwoom.py | 195 | DEBUG -> 종목번호: 377480 - 종목명: 마음AI                                   - 보유수량: 000000000000002 - 매입가: 000000000023200 - 수익률: 000000001.31 - 현재가: 000000023700
2025-05-23 17:19:15,353 | kiwoom.py | 218 | DEBUG -> sPreNext : 
2025-05-23 17:19:15,353 | kiwoom.py | 218 | DEBUG -> sPreNext : 
2025-05-23 17:19:15,353 | kiwoom.py | 219 | DEBUG -> 계좌에 가지고 있는 종목은 3 
2025-05-23 17:19:15,353 | kiwoom.py | 219 | DEBUG -> 계좌에 가지고 있는 종목은 3 
2025-05-23 17:19:20,345 | kiwoom.py | 138 | DEBUG -> 미체결 종목 요청
2025-05-23 17:19:20,345 | kiwoom.py | 138 | DEBUG -> 미체결 종목 요청
2025-05-23 17:19:20,376 | kiwoom.py | 772 | DEBUG -> 스크린: , 요청이름: , tr코드:  ---  조회가 완료되었습니다.
2025-05-23 17:19:20,376 | kiwoom.py | 772 | DEBUG -> 스크린: , 요청이름: , tr코드:  ---  조회가 완료되었습니다.
2025-05-23 17:19:20,378 | kiwoom.py | 227 | DEBUG -> 실시간미체결요청
2025-05-23 17:19:20,378 | kiwoom.py | 227 | DEBUG -> 실시간미체결요청
2025-05-23 17:19:25,369 | kiwoom.py | 495 | DEBUG -> portfolio_stock_dict : {'005930': {'스크린번호': '5001', '주문용스크린번호': '6001'}, '034020': {'스크린번호': '5001', '주문용스크린번호': '6001'}, '377480': {'스크린번호': '5001', '주문용스크린번호': '6001'}} 
2025-05-23 17:19:25,369 | kiwoom.py | 495 | DEBUG -> portfolio_stock_dict : {'005930': {'스크린번호': '5001', '주문용스크린번호': '6001'}, '034020': {'스크린번호': '5001', '주문용스크린번호': '6001'}, '377480': {'스크린번호': '5001', '주문용스크린번호': '6001'}} 
2025-05-23 17:20:10,981 | __init__.py | 12 | DEBUG -> Main() start
2025-05-23 17:20:10,994 | kiwoom.py | 19 | DEBUG -> Kiwoom() class start.
2025-05-23 17:20:10,994 | kiwoom.py | 19 | DEBUG -> Kiwoom() class start.
2025-05-23 17:20:16,363 | kiwoom.py | 105 | DEBUG -> 정상처리
2025-05-23 17:20:16,363 | kiwoom.py | 105 | DEBUG -> 정상처리
2025-05-23 17:20:16,363 | kiwoom.py | 116 | DEBUG -> 계좌번호 : 8103640311
2025-05-23 17:20:16,363 | kiwoom.py | 116 | DEBUG -> 계좌번호 : 8103640311
2025-05-23 17:20:16,383 | kiwoom.py | 772 | DEBUG -> 스크린: 2000, 요청이름: 예수금상세현황요청, tr코드: opw00001 --- [100000] 모의투자 조회완료
2025-05-23 17:20:16,383 | kiwoom.py | 772 | DEBUG -> 스크린: 2000, 요청이름: 예수금상세현황요청, tr코드: opw00001 --- [100000] 모의투자 조회완료
2025-05-23 17:20:16,384 | kiwoom.py | 150 | DEBUG -> 예수금상세현황요청
2025-05-23 17:20:16,384 | kiwoom.py | 150 | DEBUG -> 예수금상세현황요청
2025-05-23 17:20:16,384 | kiwoom.py | 151 | DEBUG -> sTrCode : opw00001
2025-05-23 17:20:16,384 | kiwoom.py | 151 | DEBUG -> sTrCode : opw00001
2025-05-23 17:20:16,384 | kiwoom.py | 162 | DEBUG -> 예수금 : 499765990
2025-05-23 17:20:16,384 | kiwoom.py | 162 | DEBUG -> 예수금 : 499765990
2025-05-23 17:20:16,385 | kiwoom.py | 128 | DEBUG -> 계좌평가 잔고 내역 요청
2025-05-23 17:20:16,385 | kiwoom.py | 128 | DEBUG -> 계좌평가 잔고 내역 요청
2025-05-23 17:20:16,444 | kiwoom.py | 772 | DEBUG -> 스크린: 2000, 요청이름: 계좌평가잔고내역요청, tr코드: opw00018 --- [100000] 모의투자 조회완료
2025-05-23 17:20:16,444 | kiwoom.py | 772 | DEBUG -> 스크린: 2000, 요청이름: 계좌평가잔고내역요청, tr코드: opw00018 --- [100000] 모의투자 조회완료
2025-05-23 17:20:16,446 | kiwoom.py | 168 | DEBUG -> 계좌평가잔고내역요청
2025-05-23 17:20:16,446 | kiwoom.py | 168 | DEBUG -> 계좌평가잔고내역요청
2025-05-23 17:20:16,447 | kiwoom.py | 169 | DEBUG -> sTrCode : opw00018
2025-05-23 17:20:16,447 | kiwoom.py | 169 | DEBUG -> sTrCode : opw00018
2025-05-23 17:20:16,447 | kiwoom.py | 179 | DEBUG -> 계좌평가잔고내역요청 싱글데이터 : 000000000233200 - 000000000002224 - 000000000.95
2025-05-23 17:20:16,447 | kiwoom.py | 179 | DEBUG -> 계좌평가잔고내역요청 싱글데이터 : 000000000233200 - 000000000002224 - 000000000.95
2025-05-23 17:20:16,448 | kiwoom.py | 195 | DEBUG -> 종목번호: 005930 - 종목명: 삼성전자                                 - 보유수량: 000000000000002 - 매입가: 000000000054550 - 수익률: -00000001.48 - 현재가: 000000054200
2025-05-23 17:20:16,448 | kiwoom.py | 195 | DEBUG -> 종목번호: 005930 - 종목명: 삼성전자                                 - 보유수량: 000000000000002 - 매입가: 000000000054550 - 수익률: -00000001.48 - 현재가: 000000054200
2025-05-23 17:20:16,448 | kiwoom.py | 195 | DEBUG -> 종목번호: 034020 - 종목명: 두산에너빌리티                           - 보유수량: 000000000000002 - 매입가: 000000000038850 - 수익률: 000000004.15 - 현재가: 000000040800
2025-05-23 17:20:16,448 | kiwoom.py | 195 | DEBUG -> 종목번호: 034020 - 종목명: 두산에너빌리티                           - 보유수량: 000000000000002 - 매입가: 000000000038850 - 수익률: 000000004.15 - 현재가: 000000040800
2025-05-23 17:20:16,449 | kiwoom.py | 195 | DEBUG -> 종목번호: 377480 - 종목명: 마음AI                                   - 보유수량: 000000000000002 - 매입가: 000000000023200 - 수익률: 000000001.31 - 현재가: 000000023700
2025-05-23 17:20:16,449 | kiwoom.py | 195 | DEBUG -> 종목번호: 377480 - 종목명: 마음AI                                   - 보유수량: 000000000000002 - 매입가: 000000000023200 - 수익률: 000000001.31 - 현재가: 000000023700
2025-05-23 17:20:16,449 | kiwoom.py | 218 | DEBUG -> sPreNext : 
2025-05-23 17:20:16,449 | kiwoom.py | 218 | DEBUG -> sPreNext : 
2025-05-23 17:20:16,449 | kiwoom.py | 219 | DEBUG -> 계좌에 가지고 있는 종목은 3 
2025-05-23 17:20:16,449 | kiwoom.py | 219 | DEBUG -> 계좌에 가지고 있는 종목은 3 
2025-05-23 17:20:21,443 | kiwoom.py | 138 | DEBUG -> 미체결 종목 요청
2025-05-23 17:20:21,443 | kiwoom.py | 138 | DEBUG -> 미체결 종목 요청
2025-05-23 17:20:21,473 | kiwoom.py | 772 | DEBUG -> 스크린: , 요청이름: , tr코드:  ---  조회가 완료되었습니다.
2025-05-23 17:20:21,473 | kiwoom.py | 772 | DEBUG -> 스크린: , 요청이름: , tr코드:  ---  조회가 완료되었습니다.
2025-05-23 17:20:21,475 | kiwoom.py | 227 | DEBUG -> 실시간미체결요청
2025-05-23 17:20:21,475 | kiwoom.py | 227 | DEBUG -> 실시간미체결요청
2025-05-23 17:20:26,462 | kiwoom.py | 495 | DEBUG -> portfolio_stock_dict : {'005930': {'스크린번호': '5001', '주문용스크린번호': '6001'}, '034020': {'스크린번호': '5001', '주문용스크린번호': '6001'}, '377480': {'스크린번호': '5001', '주문용스크린번호': '6001'}} 
2025-05-23 17:20:26,462 | kiwoom.py | 495 | DEBUG -> portfolio_stock_dict : {'005930': {'스크린번호': '5001', '주문용스크린번호': '6001'}, '034020': {'스크린번호': '5001', '주문용스크린번호': '6001'}, '377480': {'스크린번호': '5001', '주문용스크린번호': '6001'}} 
2025-05-23 17:53:40,353 | __init__.py | 12 | DEBUG -> Main() start
2025-05-23 17:53:40,367 | kiwoom.py | 19 | DEBUG -> Kiwoom() class start.
2025-05-23 17:53:40,367 | kiwoom.py | 19 | DEBUG -> Kiwoom() class start.
2025-05-23 17:53:40,369 | kiwoom.py | 92 | DEBUG -> ===== get_ocx_instance 함수 실행 =====
2025-05-23 17:53:40,369 | kiwoom.py | 92 | DEBUG -> ===== get_ocx_instance 함수 실행 =====
2025-05-23 17:53:40,490 | kiwoom.py | 96 | DEBUG -> ===== event_slots 함수 실행 =====
2025-05-23 17:53:40,490 | kiwoom.py | 96 | DEBUG -> ===== event_slots 함수 실행 =====
2025-05-23 17:53:40,491 | kiwoom.py | 102 | DEBUG -> ===== real_event_slot 함수 실행 =====
2025-05-23 17:53:40,491 | kiwoom.py | 102 | DEBUG -> ===== real_event_slot 함수 실행 =====
2025-05-23 17:53:40,491 | kiwoom.py | 108 | DEBUG -> ===== signal_login_commConnect 함수 실행 =====
2025-05-23 17:53:40,491 | kiwoom.py | 108 | DEBUG -> ===== signal_login_commConnect 함수 실행 =====
2025-05-23 17:53:45,648 | kiwoom.py | 115 | DEBUG -> ===== login_slot 함수 실행 =====
2025-05-23 17:53:45,648 | kiwoom.py | 115 | DEBUG -> ===== login_slot 함수 실행 =====
2025-05-23 17:53:45,648 | kiwoom.py | 116 | DEBUG -> 정상처리
2025-05-23 17:53:45,648 | kiwoom.py | 116 | DEBUG -> 정상처리
2025-05-23 17:53:45,648 | kiwoom.py | 123 | DEBUG -> ===== get_account_info 함수 실행 =====
2025-05-23 17:53:45,648 | kiwoom.py | 123 | DEBUG -> ===== get_account_info 함수 실행 =====
2025-05-23 17:53:45,648 | kiwoom.py | 129 | DEBUG -> 계좌번호 : 8103640311
2025-05-23 17:53:45,648 | kiwoom.py | 129 | DEBUG -> 계좌번호 : 8103640311
2025-05-23 17:53:45,649 | kiwoom.py | 135 | DEBUG -> ===== detail_account_info 함수 실행 =====
2025-05-23 17:53:45,649 | kiwoom.py | 135 | DEBUG -> ===== detail_account_info 함수 실행 =====
2025-05-23 17:53:45,660 | kiwoom.py | 853 | DEBUG -> 스크린: 2000, 요청이름: 예수금상세현황요청, tr코드: opw00001 --- [100000] 모의투자 조회완료
2025-05-23 17:53:45,660 | kiwoom.py | 853 | DEBUG -> 스크린: 2000, 요청이름: 예수금상세현황요청, tr코드: opw00001 --- [100000] 모의투자 조회완료
2025-05-23 17:53:45,661 | kiwoom.py | 175 | DEBUG -> ===== trdata_slot 함수 실행 =====
2025-05-23 17:53:45,661 | kiwoom.py | 175 | DEBUG -> ===== trdata_slot 함수 실행 =====
2025-05-23 17:53:45,661 | kiwoom.py | 179 | DEBUG -> 예수금상세현황요청
2025-05-23 17:53:45,661 | kiwoom.py | 179 | DEBUG -> 예수금상세현황요청
2025-05-23 17:53:45,661 | kiwoom.py | 180 | DEBUG -> sTrCode : opw00001
2025-05-23 17:53:45,661 | kiwoom.py | 180 | DEBUG -> sTrCode : opw00001
2025-05-23 17:53:45,662 | kiwoom.py | 191 | DEBUG -> 예수금 : 499765990
2025-05-23 17:53:45,662 | kiwoom.py | 191 | DEBUG -> 예수금 : 499765990
2025-05-23 17:53:45,662 | kiwoom.py | 439 | DEBUG -> ===== stop_screen_cancel 함수 실행 =====
2025-05-23 17:53:45,662 | kiwoom.py | 439 | DEBUG -> ===== stop_screen_cancel 함수 실행 =====
2025-05-23 17:53:45,663 | kiwoom.py | 148 | DEBUG -> ===== detail_account_mystock 함수 실행 =====
2025-05-23 17:53:45,663 | kiwoom.py | 148 | DEBUG -> ===== detail_account_mystock 함수 실행 =====
2025-05-23 17:53:45,663 | kiwoom.py | 149 | DEBUG -> 계좌평가 잔고 내역 요청
2025-05-23 17:53:45,663 | kiwoom.py | 149 | DEBUG -> 계좌평가 잔고 내역 요청
2025-05-23 17:53:45,721 | kiwoom.py | 853 | DEBUG -> 스크린: 2000, 요청이름: 계좌평가잔고내역요청, tr코드: opw00018 --- [100000] 모의투자 조회완료
2025-05-23 17:53:45,721 | kiwoom.py | 853 | DEBUG -> 스크린: 2000, 요청이름: 계좌평가잔고내역요청, tr코드: opw00018 --- [100000] 모의투자 조회완료
2025-05-23 17:53:45,722 | kiwoom.py | 175 | DEBUG -> ===== trdata_slot 함수 실행 =====
2025-05-23 17:53:45,722 | kiwoom.py | 175 | DEBUG -> ===== trdata_slot 함수 실행 =====
2025-05-23 17:53:45,722 | kiwoom.py | 201 | DEBUG -> 계좌평가잔고내역요청
2025-05-23 17:53:45,722 | kiwoom.py | 201 | DEBUG -> 계좌평가잔고내역요청
2025-05-23 17:53:45,722 | kiwoom.py | 202 | DEBUG -> sTrCode : opw00018
2025-05-23 17:53:45,722 | kiwoom.py | 202 | DEBUG -> sTrCode : opw00018
2025-05-23 17:53:45,722 | kiwoom.py | 212 | DEBUG -> 계좌평가잔고내역요청 싱글데이터 : 000000000233200 - 000000000002224 - 000000000.95
2025-05-23 17:53:45,722 | kiwoom.py | 212 | DEBUG -> 계좌평가잔고내역요청 싱글데이터 : 000000000233200 - 000000000002224 - 000000000.95
2025-05-23 17:53:45,723 | kiwoom.py | 228 | DEBUG -> 종목번호: 005930 - 종목명: 삼성전자                                 - 보유수량: 000000000000002 - 매입가: 000000000054550 - 수익률: -00000001.48 - 현재가: 000000054200
2025-05-23 17:53:45,723 | kiwoom.py | 228 | DEBUG -> 종목번호: 005930 - 종목명: 삼성전자                                 - 보유수량: 000000000000002 - 매입가: 000000000054550 - 수익률: -00000001.48 - 현재가: 000000054200
2025-05-23 17:53:45,723 | kiwoom.py | 228 | DEBUG -> 종목번호: 034020 - 종목명: 두산에너빌리티                           - 보유수량: 000000000000002 - 매입가: 000000000038850 - 수익률: 000000004.15 - 현재가: 000000040800
2025-05-23 17:53:45,723 | kiwoom.py | 228 | DEBUG -> 종목번호: 034020 - 종목명: 두산에너빌리티                           - 보유수량: 000000000000002 - 매입가: 000000000038850 - 수익률: 000000004.15 - 현재가: 000000040800
2025-05-23 17:53:45,724 | kiwoom.py | 228 | DEBUG -> 종목번호: 377480 - 종목명: 마음AI                                   - 보유수량: 000000000000002 - 매입가: 000000000023200 - 수익률: 000000001.31 - 현재가: 000000023700
2025-05-23 17:53:45,724 | kiwoom.py | 228 | DEBUG -> 종목번호: 377480 - 종목명: 마음AI                                   - 보유수량: 000000000000002 - 매입가: 000000000023200 - 수익률: 000000001.31 - 현재가: 000000023700
2025-05-23 17:53:45,724 | kiwoom.py | 251 | DEBUG -> sPreNext : 
2025-05-23 17:53:45,724 | kiwoom.py | 251 | DEBUG -> sPreNext : 
2025-05-23 17:53:45,724 | kiwoom.py | 252 | DEBUG -> 계좌에 가지고 있는 종목은 3 
2025-05-23 17:53:45,724 | kiwoom.py | 252 | DEBUG -> 계좌에 가지고 있는 종목은 3 
2025-05-23 17:53:50,737 | kiwoom.py | 162 | DEBUG -> ===== not_concluded_account 함수 실행 =====
2025-05-23 17:53:50,737 | kiwoom.py | 162 | DEBUG -> ===== not_concluded_account 함수 실행 =====
2025-05-23 17:53:50,738 | kiwoom.py | 163 | DEBUG -> 미체결 종목 요청
2025-05-23 17:53:50,738 | kiwoom.py | 163 | DEBUG -> 미체결 종목 요청
2025-05-23 17:53:50,767 | kiwoom.py | 853 | DEBUG -> 스크린: , 요청이름: , tr코드:  ---  조회가 완료되었습니다.
2025-05-23 17:53:50,767 | kiwoom.py | 853 | DEBUG -> 스크린: , 요청이름: , tr코드:  ---  조회가 완료되었습니다.
2025-05-23 17:53:50,774 | kiwoom.py | 175 | DEBUG -> ===== trdata_slot 함수 실행 =====
2025-05-23 17:53:50,774 | kiwoom.py | 175 | DEBUG -> ===== trdata_slot 함수 실행 =====
2025-05-23 17:53:50,775 | kiwoom.py | 264 | DEBUG -> 실시간미체결요청
2025-05-23 17:53:50,775 | kiwoom.py | 264 | DEBUG -> 실시간미체결요청
2025-05-23 17:53:55,731 | kiwoom.py | 508 | ERROR -> 파일 읽기 오류 : [Errno 2] No such file or directory: 'files/condition_stock.txt'
2025-05-23 17:53:55,731 | kiwoom.py | 508 | ERROR -> 파일 읽기 오류 : [Errno 2] No such file or directory: 'files/condition_stock.txt'
2025-05-23 17:53:55,732 | kiwoom.py | 524 | DEBUG -> ===== screen_number_setting 함수 실행 =====
2025-05-23 17:53:55,732 | kiwoom.py | 524 | DEBUG -> ===== screen_number_setting 함수 실행 =====
2025-05-23 17:53:55,732 | kiwoom.py | 565 | DEBUG -> portfolio_stock_dict : {'005930': {'스크린번호': '5001', '주문용스크린번호': '6001'}, '034020': {'스크린번호': '5001', '주문용스크린번호': '6001'}, '377480': {'스크린번호': '5001', '주문용스크린번호': '6001'}} 
2025-05-23 17:53:55,732 | kiwoom.py | 565 | DEBUG -> portfolio_stock_dict : {'005930': {'스크린번호': '5001', '주문용스크린번호': '6001'}, '034020': {'스크린번호': '5001', '주문용스크린번호': '6001'}, '377480': {'스크린번호': '5001', '주문용스크린번호': '6001'}} 
2025-05-23 18:00:01,605 | kiwoom.py | 571 | DEBUG -> ===== realdata_slot 함수 실행 =====
2025-05-23 18:00:01,605 | kiwoom.py | 571 | DEBUG -> ===== realdata_slot 함수 실행 =====
2025-05-23 18:00:01,606 | kiwoom.py | 572 | DEBUG -> sRealType : 장시작시간 
2025-05-23 18:00:01,606 | kiwoom.py | 572 | DEBUG -> sRealType : 장시작시간 
2025-05-23 18:00:01,606 | kiwoom.py | 580 | DEBUG -> 장 시작 구분 : d 
2025-05-23 18:00:01,606 | kiwoom.py | 580 | DEBUG -> 장 시작 구분 : d 
2025-05-23 18:00:06,307 | kiwoom.py | 571 | DEBUG -> ===== realdata_slot 함수 실행 =====
2025-05-23 18:00:06,307 | kiwoom.py | 571 | DEBUG -> ===== realdata_slot 함수 실행 =====
2025-05-23 18:00:06,308 | kiwoom.py | 572 | DEBUG -> sRealType : ECN주식체결 
2025-05-23 18:00:06,308 | kiwoom.py | 572 | DEBUG -> sRealType : ECN주식체결 
2025-05-23 18:05:34,257 | __init__.py | 12 | DEBUG -> Main() start
2025-05-23 18:05:34,271 | kiwoom.py | 19 | DEBUG -> Kiwoom() class start.
2025-05-23 18:05:34,271 | kiwoom.py | 92 | DEBUG -> ===== get_ocx_instance 함수 실행 =====
2025-05-23 18:05:34,385 | kiwoom.py | 96 | DEBUG -> ===== event_slots 함수 실행 =====
2025-05-23 18:05:34,385 | kiwoom.py | 102 | DEBUG -> ===== real_event_slot 함수 실행 =====
2025-05-23 18:05:34,385 | kiwoom.py | 108 | DEBUG -> ===== signal_login_commConnect 함수 실행 =====
2025-05-23 18:05:39,266 | kiwoom.py | 115 | DEBUG -> ===== login_slot 함수 실행 =====
2025-05-23 18:05:39,266 | kiwoom.py | 116 | DEBUG -> 정상처리
2025-05-23 18:05:39,266 | kiwoom.py | 123 | DEBUG -> ===== get_account_info 함수 실행 =====
2025-05-23 18:05:39,266 | kiwoom.py | 129 | DEBUG -> 계좌번호 : 8103640311
2025-05-23 18:05:39,267 | kiwoom.py | 135 | DEBUG -> ===== detail_account_info 함수 실행 =====
2025-05-23 18:05:39,286 | kiwoom.py | 857 | DEBUG -> 스크린: 2000, 요청이름: 예수금상세현황요청, tr코드: opw00001 --- [100000] 모의투자 조회완료
2025-05-23 18:05:39,287 | kiwoom.py | 175 | DEBUG -> ===== trdata_slot 함수 실행 =====
2025-05-23 18:05:39,287 | kiwoom.py | 179 | DEBUG -> 예수금상세현황요청
2025-05-23 18:05:39,287 | kiwoom.py | 180 | DEBUG -> sTrCode : opw00001
2025-05-23 18:05:39,287 | kiwoom.py | 191 | DEBUG -> 예수금 : 499765990
2025-05-23 18:05:39,287 | kiwoom.py | 439 | DEBUG -> ===== stop_screen_cancel 함수 실행 =====
2025-05-23 18:05:39,288 | kiwoom.py | 148 | DEBUG -> ===== detail_account_mystock 함수 실행 =====
2025-05-23 18:05:39,289 | kiwoom.py | 149 | DEBUG -> 계좌평가 잔고 내역 요청
2025-05-23 18:05:39,347 | kiwoom.py | 857 | DEBUG -> 스크린: 2000, 요청이름: 계좌평가잔고내역요청, tr코드: opw00018 --- [100000] 모의투자 조회완료
2025-05-23 18:05:39,348 | kiwoom.py | 175 | DEBUG -> ===== trdata_slot 함수 실행 =====
2025-05-23 18:05:39,348 | kiwoom.py | 201 | DEBUG -> 계좌평가잔고내역요청
2025-05-23 18:05:39,348 | kiwoom.py | 202 | DEBUG -> sTrCode : opw00018
2025-05-23 18:05:39,348 | kiwoom.py | 212 | DEBUG -> 계좌평가잔고내역요청 싱글데이터 : 000000000233200 - 000000000002224 - 000000000.95
2025-05-23 18:05:39,348 | kiwoom.py | 228 | DEBUG -> 종목번호: 005930 - 종목명: 삼성전자                                 - 보유수량: 000000000000002 - 매입가: 000000000054550 - 수익률: -00000001.48 - 현재가: 000000054200
2025-05-23 18:05:39,349 | kiwoom.py | 228 | DEBUG -> 종목번호: 034020 - 종목명: 두산에너빌리티                           - 보유수량: 000000000000002 - 매입가: 000000000038850 - 수익률: 000000004.15 - 현재가: 000000040800
2025-05-23 18:05:39,349 | kiwoom.py | 228 | DEBUG -> 종목번호: 377480 - 종목명: 마음AI                                   - 보유수량: 000000000000002 - 매입가: 000000000023200 - 수익률: 000000001.31 - 현재가: 000000023700
2025-05-23 18:05:39,349 | kiwoom.py | 251 | DEBUG -> sPreNext : 
2025-05-23 18:05:39,349 | kiwoom.py | 252 | DEBUG -> 계좌에 가지고 있는 종목은 3 
2025-05-23 18:05:41,436 | kiwoom.py | 575 | DEBUG -> ===== realdata_slot 함수 실행 =====
2025-05-23 18:05:41,436 | kiwoom.py | 576 | DEBUG -> sRealType : 장시작시간 
2025-05-23 18:05:41,437 | kiwoom.py | 584 | DEBUG -> 장 시작 구분 : 9 
2025-05-23 18:05:44,360 | kiwoom.py | 162 | DEBUG -> ===== not_concluded_account 함수 실행 =====
2025-05-23 18:05:44,360 | kiwoom.py | 163 | DEBUG -> 미체결 종목 요청
2025-05-23 18:05:44,376 | kiwoom.py | 857 | DEBUG -> 스크린: , 요청이름: , tr코드:  ---  조회가 완료되었습니다.
2025-05-23 18:05:44,377 | kiwoom.py | 175 | DEBUG -> ===== trdata_slot 함수 실행 =====
2025-05-23 18:05:44,377 | kiwoom.py | 264 | DEBUG -> 실시간미체결요청
2025-05-23 18:05:49,360 | kiwoom.py | 512 | INFO -> files/condition_stock.txt 파일이 존재하지 않아 생략합니다.
2025-05-23 18:05:49,361 | kiwoom.py | 528 | DEBUG -> ===== screen_number_setting 함수 실행 =====
2025-05-23 18:05:49,361 | kiwoom.py | 569 | DEBUG -> portfolio_stock_dict : {'005930': {'스크린번호': '5001', '주문용스크린번호': '6001'}, '034020': {'스크린번호': '5001', '주문용스크린번호': '6001'}, '377480': {'스크린번호': '5001', '주문용스크린번호': '6001'}} 
2025-05-23 18:08:14,514 | kiwoom.py | 575 | DEBUG -> ===== realdata_slot 함수 실행 =====
2025-05-23 18:08:14,515 | kiwoom.py | 576 | DEBUG -> sRealType : 주식시세 
